<?xml version="1.0" encoding="UTF-8"?>
<testsuite name="com.base.project.api.RouterRestTest" tests="3" skipped="0" failures="0" errors="0" timestamp="2023-11-15T03:53:53" hostname="LAPTOP-S56ODVQC" time="3.941">
  <properties/>
  <testcase name="testListenPOSTUseCase()" classname="com.base.project.api.RouterRestTest" time="3.919"/>
  <testcase name="testListenGETOtherUseCase()" classname="com.base.project.api.RouterRestTest" time="0.011"/>
  <testcase name="testListenGETUseCase()" classname="com.base.project.api.RouterRestTest" time="0.008"/>
  <system-out><![CDATA[
  .   ____          _            __ _ _
 /\\ / ___'_ __ _ _(_)_ __  __ _ \ \ \ \
( ( )\___ | '_ | '_| | '_ \/ _` | \ \ \ \
 \\/  ___)| |_)| | | | | || (_| |  ) ) ) )
  '  |____| .__|_| |_|_| |_\__, | / / / /
 =========|_|==============|___/=/_/_/_/
 :: Spring Boot ::                (v3.1.4)

2023-11-14T22:53:49.668-05:00  INFO 1332 --- [    Test worker] com.base.project.api.RouterRestTest      : Starting RouterRestTest using Java 17.0.9 with PID 1332 (started by brand in C:\Users\brand\OneDrive\Documentos\Especializacion\Arquitectura Software\base-project-webflux\infrastructure\entry-points\reactive-web)
2023-11-14T22:53:49.705-05:00  INFO 1332 --- [    Test worker] com.base.project.api.RouterRestTest      : No active profile set, falling back to 1 default profile: "default"
2023-11-14T22:53:53.950-05:00  INFO 1332 --- [    Test worker] com.base.project.api.RouterRestTest      : Started RouterRestTest in 5.742 seconds (process running for 12.516)
]]></system-out>
  <system-err><![CDATA[]]></system-err>
</testsuite>
