<?xml version="1.0" encoding="UTF-8"?>
<testsuite name="com.base.project.ArchitectureTest" tests="6" skipped="0" failures="0" errors="0" timestamp="2023-11-15T03:53:58" hostname="LAPTOP-S56ODVQC" time="0.534">
  <properties/>
  <testcase name="domainClassesShouldNotBeNamedWithToolNames()" classname="com.base.project.ArchitectureTest" time="0.108"/>
  <testcase name="domainClassesShouldNotHaveFieldsNamedWithToolNames()" classname="com.base.project.ArchitectureTest" time="0.028"/>
  <testcase name="useCaseFinalFields()" classname="com.base.project.ArchitectureTest" time="0.007"/>
  <testcase name="beansShouldOnlyHaveFinalFields()" classname="com.base.project.ArchitectureTest" time="0.029"/>
  <testcase name="reactiveFlowsShouldUseAwsAsyncClients()" classname="com.base.project.ArchitectureTest" time="0.074"/>
  <testcase name="domainClassesShouldNotBeNamedWithTechSuffixes()" classname="com.base.project.ArchitectureTest" time="0.003"/>
  <system-out><![CDATA[22:53:52.109 [Test worker] INFO com.tngtech.archunit.core.PluginLoader -- Detected Java version 17.0.9
]]></system-out>
  <system-err><![CDATA[]]></system-err>
</testsuite>
